<?xml version="1.0" encoding="UTF-8"?>
<!-- Generated by org.testng.reporters.JUnitReportReporter -->
<testsuite hostname="DESKTOP-2A0OM7J" failures="0" tests="3" name="testclasses.Testclass1" time="35.484" errors="0" timestamp="2022-04-01T10:21:33 IST" skipped="0">
  <testcase classname="testclasses.Testclass1" name="verifyUsercanLogin" time="8.495"/>
  <system-out/>
  <testcase classname="testclasses.Testclass1" name="verifyUserCanAddNewAddress" time="10.812"/>
  <system-out/>
  <testcase classname="testclasses.Testclass1" name="verifyUserCanAddNewAddress" time="16.177"/>
  <system-out/>
</testsuite> <!-- testclasses.Testclass1 -->
